<?xml version="1.0" encoding="UTF-8" ?>
<testsuite tests="1" failures="0" name="IRCTE.AppTest" time="4.983" errors="0" skipped="0">
  <properties>
    <property name="java.runtime.name" value="Java(TM) SE Runtime Environment"/>
    <property name="scalate.workdir" value="P:\LAB-Document\Devops-new batch\Maven\apache-maven-3.6.3\IRCTE_Trains/target/scalate"/>
    <property name="sun.boot.library.path" value="C:\Program Files\Java\jdk1.8.0_231\jre\bin"/>
    <property name="java.vm.version" value="25.231-b11"/>
    <property name="java.vm.vendor" value="Oracle Corporation"/>
    <property name="java.vendor.url" value="http://java.oracle.com/"/>
    <property name="path.separator" value=";"/>
    <property name="java.vm.name" value="Java HotSpot(TM) 64-Bit Server VM"/>
    <property name="file.encoding.pkg" value="sun.io"/>
    <property name="user.script" value=""/>
    <property name="user.country" value="IN"/>
    <property name="sun.java.launcher" value="SUN_STANDARD"/>
    <property name="sun.os.patch.level" value=""/>
    <property name="java.vm.specification.name" value="Java Virtual Machine Specification"/>
    <property name="user.dir" value="P:\LAB-Document\Devops-new batch\Maven\apache-maven-3.6.3\IRCTE_Trains"/>
    <property name="scalate.generate.src" value="P:\LAB-Document\Devops-new batch\Maven\apache-maven-3.6.3\IRCTE_Trains/src"/>
    <property name="java.runtime.version" value="1.8.0_231-b11"/>
    <property name="java.awt.graphicsenv" value="sun.awt.Win32GraphicsEnvironment"/>
    <property name="basedir" value="P:\LAB-Document\Devops-new batch\Maven\apache-maven-3.6.3\IRCTE_Trains"/>
    <property name="java.endorsed.dirs" value="C:\Program Files\Java\jdk1.8.0_231\jre\lib\endorsed"/>
    <property name="os.arch" value="amd64"/>
    <property name="java.io.tmpdir" value="C:\Users\vagus\AppData\Local\Temp\"/>
    <property name="line.separator" value="
"/>
    <property name="java.vm.specification.vendor" value="Oracle Corporation"/>
    <property name="user.variant" value=""/>
    <property name="os.name" value="Windows 10"/>
    <property name="sun.jnu.encoding" value="Cp1252"/>
    <property name="java.library.path" value="C:\Program Files\Java\jdk1.8.0_231\jre\bin;C:\windows\Sun\Java\bin;C:\windows\system32;C:\windows;C:\Program Files (x86)\Common Files\Oracle\Java\javapath;C:\windows\system32;C:\windows;C:\windows\System32\Wbem;C:\windows\System32\WindowsPowerShell\v1.0\;C:\windows\System32\OpenSSH\;C:\Program Files\PuTTY\;C:\Program Files\Git\cmd;C:\Program Files\OpenVPN\bin;C:\Program Files\Java\jdk1.8.0_231\bin\bin;P:\LAB-Document\Devops-new batch\Maven\apache-maven-3.6.3\bin;C:\Program Files\Java\jdk1.8.0_231\bin;P:\LAB-Document\Devops-new batch\Maven\apache-maven-3.6.3\bin;C:\Program Files\dotnet\;C:\Program Files\Microsoft SQL Server\130\Tools\Binn\;C:\Program Files\Microsoft SQL Server\Client SDK\ODBC\170\Tools\Binn\;C:\Program Files\Git LFS;C:\Users\vagus\AppData\Local\Microsoft\WindowsApps;C:\Users\vagus\AppData\Local\GitHubDesktop\bin;."/>
    <property name="surefire.test.class.path" value="P:\LAB-Document\Devops-new batch\Maven\apache-maven-3.6.3\IRCTE_Trains\target\test-classes;P:\LAB-Document\Devops-new batch\Maven\apache-maven-3.6.3\IRCTE_Trains\target\classes;C:\Users\vagus\.m2\repository\org\scala-lang\scala-library\2.10.4\scala-library-2.10.4.jar;C:\Users\vagus\.m2\repository\org\scala-lang\scala-compiler\2.10.4\scala-compiler-2.10.4.jar;C:\Users\vagus\.m2\repository\org\scala-lang\scala-reflect\2.10.4\scala-reflect-2.10.4.jar;C:\Users\vagus\.m2\repository\javax\servlet\servlet-api\2.5\servlet-api-2.5.jar;C:\Users\vagus\.m2\repository\org\scalatra\scalate\scalate-guice_2.10\1.7.1\scalate-guice_2.10-1.7.1.jar;C:\Users\vagus\.m2\repository\org\scalatra\scalate\scalate-core_2.10\1.7.1\scalate-core_2.10-1.7.1.jar;C:\Users\vagus\.m2\repository\org\scalatra\scalate\scalate-util_2.10\1.7.1\scalate-util_2.10-1.7.1.jar;C:\Users\vagus\.m2\repository\com\sun\jersey\contribs\jersey-guice\1.9\jersey-guice-1.9.jar;C:\Users\vagus\.m2\repository\javax\inject\javax.inject\1\javax.inject-1.jar;C:\Users\vagus\.m2\repository\com\google\inject\guice\3.0\guice-3.0.jar;C:\Users\vagus\.m2\repository\aopalliance\aopalliance\1.0\aopalliance-1.0.jar;C:\Users\vagus\.m2\repository\com\google\inject\extensions\guice-servlet\3.0\guice-servlet-3.0.jar;C:\Users\vagus\.m2\repository\com\sun\jersey\jersey-server\1.9\jersey-server-1.9.jar;C:\Users\vagus\.m2\repository\asm\asm\3.1\asm-3.1.jar;C:\Users\vagus\.m2\repository\com\sun\jersey\jersey-core\1.9\jersey-core-1.9.jar;C:\Users\vagus\.m2\repository\ch\qos\logback\logback-classic\0.9.26\logback-classic-0.9.26.jar;C:\Users\vagus\.m2\repository\ch\qos\logback\logback-core\0.9.26\logback-core-0.9.26.jar;C:\Users\vagus\.m2\repository\org\slf4j\slf4j-api\1.6.1\slf4j-api-1.6.1.jar;C:\Users\vagus\.m2\repository\org\scalatra\scalate\scalate-test_2.10\1.7.1\scalate-test_2.10-1.7.1.jar;C:\Users\vagus\.m2\repository\org\scalatest\scalatest_2.10\2.1.3\scalatest_2.10-2.1.3.jar;C:\Users\vagus\.m2\repository\junit\junit\4.8.2\junit-4.8.2.jar;C:\Users\vagus\.m2\repository\org\seleniumhq\selenium\selenium-htmlunit-driver\2.0a5\selenium-htmlunit-driver-2.0a5.jar;C:\Users\vagus\.m2\repository\org\seleniumhq\selenium\selenium-common\2.0a5\selenium-common-2.0a5.jar;C:\Users\vagus\.m2\repository\net\sourceforge\htmlunit\htmlunit\2.7\htmlunit-2.7.jar;C:\Users\vagus\.m2\repository\xalan\xalan\2.7.1\xalan-2.7.1.jar;C:\Users\vagus\.m2\repository\xalan\serializer\2.7.1\serializer-2.7.1.jar;C:\Users\vagus\.m2\repository\commons-collections\commons-collections\3.2.1\commons-collections-3.2.1.jar;C:\Users\vagus\.m2\repository\commons-lang\commons-lang\2.4\commons-lang-2.4.jar;C:\Users\vagus\.m2\repository\commons-httpclient\commons-httpclient\3.1\commons-httpclient-3.1.jar;C:\Users\vagus\.m2\repository\commons-codec\commons-codec\1.4\commons-codec-1.4.jar;C:\Users\vagus\.m2\repository\net\sourceforge\htmlunit\htmlunit-core-js\2.7\htmlunit-core-js-2.7.jar;C:\Users\vagus\.m2\repository\xerces\xercesImpl\2.9.1\xercesImpl-2.9.1.jar;C:\Users\vagus\.m2\repository\xml-apis\xml-apis\1.3.04\xml-apis-1.3.04.jar;C:\Users\vagus\.m2\repository\net\sourceforge\nekohtml\nekohtml\1.9.14\nekohtml-1.9.14.jar;C:\Users\vagus\.m2\repository\net\sourceforge\cssparser\cssparser\0.9.5\cssparser-0.9.5.jar;C:\Users\vagus\.m2\repository\org\w3c\css\sac\1.3\sac-1.3.jar;C:\Users\vagus\.m2\repository\commons-io\commons-io\1.4\commons-io-1.4.jar;C:\Users\vagus\.m2\repository\commons-logging\commons-logging\1.1.1\commons-logging-1.1.1.jar;C:\Users\vagus\.m2\repository\org\eclipse\jetty\jetty-server\7.2.1.v20101111\jetty-server-7.2.1.v20101111.jar;C:\Users\vagus\.m2\repository\org\eclipse\jetty\jetty-continuation\7.2.1.v20101111\jetty-continuation-7.2.1.v20101111.jar;C:\Users\vagus\.m2\repository\org\eclipse\jetty\jetty-http\7.2.1.v20101111\jetty-http-7.2.1.v20101111.jar;C:\Users\vagus\.m2\repository\org\eclipse\jetty\jetty-io\7.2.1.v20101111\jetty-io-7.2.1.v20101111.jar;C:\Users\vagus\.m2\repository\org\eclipse\jetty\jetty-webapp\7.2.1.v20101111\jetty-webapp-7.2.1.v20101111.jar;C:\Users\vagus\.m2\repository\org\eclipse\jetty\jetty-xml\7.2.1.v20101111\jetty-xml-7.2.1.v20101111.jar;C:\Users\vagus\.m2\repository\org\eclipse\jetty\jetty-servlet\7.2.1.v20101111\jetty-servlet-7.2.1.v20101111.jar;C:\Users\vagus\.m2\repository\org\eclipse\jetty\jetty-security\7.2.1.v20101111\jetty-security-7.2.1.v20101111.jar;C:\Users\vagus\.m2\repository\org\eclipse\jetty\jetty-util\7.2.1.v20101111\jetty-util-7.2.1.v20101111.jar;"/>
    <property name="java.specification.name" value="Java Platform API Specification"/>
    <property name="java.class.version" value="52.0"/>
    <property name="sun.management.compiler" value="HotSpot 64-Bit Tiered Compilers"/>
    <property name="os.version" value="10.0"/>
    <property name="scalate.package.resources" value="IRCTE.resources"/>
    <property name="user.home" value="C:\Users\vagus"/>
    <property name="user.timezone" value="Asia/Calcutta"/>
    <property name="java.awt.printerjob" value="sun.awt.windows.WPrinterJob"/>
    <property name="java.specification.version" value="1.8"/>
    <property name="file.encoding" value="Cp1252"/>
    <property name="user.name" value="vagus"/>
    <property name="java.class.path" value="C:\Users\vagus\.m2\repository\org\apache\maven\surefire\surefire-booter\2.6\surefire-booter-2.6.jar;C:\Users\vagus\.m2\repository\org\apache\maven\surefire\surefire-api\2.6\surefire-api-2.6.jar"/>
    <property name="java.vm.specification.version" value="1.8"/>
    <property name="sun.arch.data.model" value="64"/>
    <property name="java.home" value="C:\Program Files\Java\jdk1.8.0_231\jre"/>
    <property name="sun.java.command" value="org.apache.maven.surefire.booter.SurefireBooter C:\Users\vagus\AppData\Local\Temp\surefire4045852116372758042tmp C:\Users\vagus\AppData\Local\Temp\surefire890057859989971876tmp"/>
    <property name="java.specification.vendor" value="Oracle Corporation"/>
    <property name="user.language" value="en"/>
    <property name="awt.toolkit" value="sun.awt.windows.WToolkit"/>
    <property name="java.vm.info" value="mixed mode"/>
    <property name="java.version" value="1.8.0_231"/>
    <property name="java.ext.dirs" value="C:\Program Files\Java\jdk1.8.0_231\jre\lib\ext;C:\windows\Sun\Java\lib\ext"/>
    <property name="sun.boot.class.path" value="C:\Program Files\Java\jdk1.8.0_231\jre\lib\resources.jar;C:\Program Files\Java\jdk1.8.0_231\jre\lib\rt.jar;C:\Program Files\Java\jdk1.8.0_231\jre\lib\sunrsasign.jar;C:\Program Files\Java\jdk1.8.0_231\jre\lib\jsse.jar;C:\Program Files\Java\jdk1.8.0_231\jre\lib\jce.jar;C:\Program Files\Java\jdk1.8.0_231\jre\lib\charsets.jar;C:\Program Files\Java\jdk1.8.0_231\jre\lib\jfr.jar;C:\Program Files\Java\jdk1.8.0_231\jre\classes"/>
    <property name="java.vendor" value="Oracle Corporation"/>
    <property name="localRepository" value="C:\Users\vagus\.m2\repository"/>
    <property name="file.separator" value="\"/>
    <property name="java.vendor.url.bug" value="http://bugreport.sun.com/bugreport/"/>
    <property name="sun.cpu.endian" value="little"/>
    <property name="sun.io.unicode.encoding" value="UnicodeLittle"/>
    <property name="sun.desktop" value="windows"/>
    <property name="sun.cpu.isalist" value="amd64"/>
  </properties>
  <testcase classname="IRCTE.AppTest" name="home page" time="0.716"/>
</testsuite>